<?xml version="1.0" encoding="UTF-8"?>
<testsuite xmlns:xsi="http://www.w3.org/2001/XMLSchema-instance" xsi:noNamespaceSchemaLocation="https://maven.apache.org/surefire/maven-surefire-plugin/xsd/surefire-test-report-3.0.xsd" version="3.0" name="testNGrunner.TestNGRunner" time="5.757" tests="1" errors="0" skipped="0" failures="1">
  <properties>
[...]
</properties>
  <testcase name="runScenario[&quot;Login to the app with valid credentials&quot;, &quot;Login&quot;](1)" classname="testNGrunner.TestNGRunner" time="0.107">
    <failure message="TODO: implement me" type="io.cucumber.java.PendingException"><![CDATA[io.cucumber.java.PendingException: TODO: implement me
	at step_definations.Stepdefination.it_enters_valid_username_and_password(Stepdefination.java:16)
	at ✽.It enters valid Username and Password(file:///Users/suryansh/eclipse-workspace/Selenium/src/test/java/feature_files/login.feature:7)
]]></failure>
    <system-out><![CDATA[Going to login page
Entering Username amd password
]]></system-out>
    <system-err><![CDATA[SLF4J(W): No SLF4J providers were found.
SLF4J(W): Defaulting to no-operation (NOP) logger implementation
SLF4J(W): See https://www.slf4j.org/codes.html#noProviders for further details.
]]></system-err>
  </testcase>
</testsuite>