<?xml version="1.0" encoding="UTF-8"?>
<testng-results ignored="0" total="1" passed="0" failed="1" skipped="0">
  <reporter-output>
  </reporter-output>
  <suite started-at="2024-06-15T16:40:36 IST" name="Surefire suite" finished-at="2024-06-15T16:40:37 IST" duration-ms="331">
    <groups>
      <group name="cucumber">
        <method signature="AbstractTestNGCucumberTests.runScenario(io.cucumber.testng.PickleWrapper,io.cucumber.testng.FeatureWrapper)[pri:0, instance:testNGrunner.TestNGRunner@2dde1bff]" name="runScenario" class="io.cucumber.testng.AbstractTestNGCucumberTests"/>
      </group> <!-- cucumber -->
    </groups>
    <test started-at="2024-06-15T16:40:36 IST" name="Surefire test" finished-at="2024-06-15T16:40:37 IST" duration-ms="331">
      <class name="testNGrunner.TestNGRunner">
        <test-method is-config="true" signature="setUpClass(org.testng.ITestContext)[pri:0, instance:testNGrunner.TestNGRunner@2dde1bff]" started-at="2024-06-15T16:40:36 IST" name="setUpClass" finished-at="2024-06-15T16:40:36 IST" duration-ms="190" status="PASS">
          <params>
            <param index="0">
              <value>
                <![CDATA[org.testng.TestRunner@1433046b]]>
              </value>
            </param>
          </params>
          <reporter-output>
          </reporter-output>
        </test-method> <!-- setUpClass -->
        <test-method signature="runScenario(io.cucumber.testng.PickleWrapper,io.cucumber.testng.FeatureWrapper)[pri:0, instance:testNGrunner.TestNGRunner@2dde1bff]" started-at="2024-06-15T16:40:36 IST" name="runScenario" description="Runs Cucumber Scenarios" data-provider="scenarios" finished-at="2024-06-15T16:40:37 IST" duration-ms="105" status="FAIL">
          <params>
            <param index="0">
              <value>
                <![CDATA["Login to the app with valid credentials"]]>
              </value>
            </param>
            <param index="1">
              <value>
                <![CDATA["Login"]]>
              </value>
            </param>
          </params>
          <exception class="io.cucumber.java.PendingException">
            <message>
              <![CDATA[TODO: implement me]]>
            </message>
            <full-stacktrace>
              <![CDATA[io.cucumber.java.PendingException: TODO: implement me
at step_definations.Stepdefination.it_enters_valid_username_and_password(Stepdefination.java:16)
at ✽.It enters valid Username and Password(file:///Users/suryansh/eclipse-workspace/Selenium/src/test/java/feature_files/login.feature:7)
]]>
            </full-stacktrace>
          </exception> <!-- io.cucumber.java.PendingException -->
          <reporter-output>
          </reporter-output>
        </test-method> <!-- runScenario -->
        <test-method is-config="true" signature="tearDownClass()[pri:0, instance:testNGrunner.TestNGRunner@2dde1bff]" started-at="2024-06-15T16:40:37 IST" name="tearDownClass" finished-at="2024-06-15T16:40:37 IST" duration-ms="2" status="PASS">
          <reporter-output>
          </reporter-output>
        </test-method> <!-- tearDownClass -->
      </class> <!-- testNGrunner.TestNGRunner -->
    </test> <!-- Surefire test -->
  </suite> <!-- Surefire suite -->
</testng-results>
